<?xml version="1.0" encoding="UTF-8"?>
<!-- Generated by org.testng.reporters.JUnitReportReporter -->
<testsuite hostname="LauraAndrade" failures="0" tests="1" name="test.Test_CrearDocumento" time="75.928" errors="0" timestamp="27 sept. 2021 20:25:32 GMT" skipped="0">
  <testcase classname="test.Test_CrearDocumento" name="Script_1220" time="75.928"/>
</testsuite> <!-- test.Test_CrearDocumento -->
