<?xml version="1.0" encoding="UTF-8"?>
<!-- Generated by org.testng.reporters.JUnitReportReporter -->
<testsuite skipped="0" hostname="DESKTOP-LI3EA6Q" name="test.Test_Reporteria" tests="1" failures="0" timestamp="24 ago 2021 17:03:06 GMT" time="68.206" errors="0">
  <testcase name="Script_01283" time="68.206" classname="test.Test_Reporteria"/>
</testsuite> <!-- test.Test_Reporteria -->
