<?xml version="1.0" encoding="UTF-8"?>
<!-- Generated by org.testng.reporters.JUnitReportReporter -->
<testsuite hostname="LauraAndrade" failures="0" tests="1" name="test.Tests_MiPortal" time="64.692" errors="0" timestamp="24 ago. 2021 18:24:25 GMT" skipped="0">
  <testcase classname="test.Tests_MiPortal" name="Script_0847" time="64.692"/>
</testsuite> <!-- test.Tests_MiPortal -->
