<?xml version="1.0" encoding="UTF-8"?>
<!-- Generated by org.testng.reporters.JUnitReportReporter -->
<testsuite hostname="LauraAndrade" failures="0" tests="1" name="test.Test_MisDocumentos" time="54.599" errors="0" timestamp="29 sept. 2021 19:34:56 GMT" skipped="0">
  <testcase classname="test.Test_MisDocumentos" name="Script_1108" time="54.599"/>
</testsuite> <!-- test.Test_MisDocumentos -->
