<?xml version="1.0" encoding="UTF-8"?>
<!-- Generated by org.testng.reporters.JUnitReportReporter -->
<testsuite hostname="LauraAndrade" failures="0" tests="1" name="test.Test_TiposDocumentos" time="63.312" errors="0" timestamp="13 sep. 2021 19:12:55 GMT" skipped="0">
  <testcase classname="test.Test_TiposDocumentos" name="Script_0566" time="63.312"/>
</testsuite> <!-- test.Test_TiposDocumentos -->
