<?xml version="1.0" encoding="UTF-8"?>
<!-- Generated by org.testng.reporters.JUnitReportReporter -->
<testsuite hostname="LauraAndrade" failures="0" tests="1" name="test.Test_TiposDocumentos" time="95.366" errors="0" timestamp="30 ago. 2021 16:32:04 GMT" skipped="0">
  <testcase classname="test.Test_TiposDocumentos" name="Script_0565" time="95.366"/>
</testsuite> <!-- test.Test_TiposDocumentos -->
