<?xml version="1.0" encoding="UTF-8"?>
<!-- Generated by org.testng.reporters.JUnitReportReporter -->
<testsuite hostname="LauraAndrade" failures="0" tests="12" name="test.Tests_EditarCuenta" time="480.538" errors="0" timestamp="27 ago. 2021 13:00:08 GMT" skipped="0">
  <testcase classname="test.Tests_EditarCuenta" name="Script_0075" time="46.052"/>
  <testcase classname="test.Tests_EditarCuenta" name="Script_0068" time="35.060"/>
  <testcase classname="test.Tests_EditarCuenta" name="Script_0078" time="37.154"/>
  <testcase classname="test.Tests_EditarCuenta" name="Script_0073" time="45.928"/>
  <testcase classname="test.Tests_EditarCuenta" name="Script_0076" time="46.803"/>
  <testcase classname="test.Tests_EditarCuenta" name="Script_0067" time="34.204"/>
  <testcase classname="test.Tests_EditarCuenta" name="Script_0069" time="35.509"/>
  <testcase classname="test.Tests_EditarCuenta" name="Script_0081" time="36.159"/>
  <testcase classname="test.Tests_EditarCuenta" name="Script_0080" time="41.775"/>
  <testcase classname="test.Tests_EditarCuenta" name="Script_0066" time="35.078"/>
  <testcase classname="test.Tests_EditarCuenta" name="Script_0071" time="47.700"/>
  <testcase classname="test.Tests_EditarCuenta" name="Script_0065" time="39.116"/>
</testsuite> <!-- test.Tests_EditarCuenta -->
