<?xml version="1.0" encoding="UTF-8"?>
<!-- Generated by org.testng.reporters.JUnitReportReporter -->
<testsuite hostname="LauraAndrade" failures="0" tests="1" name="test.Test_MisDocumentos" time="85.580" errors="0" timestamp="28 sept. 2021 12:44:33 GMT" skipped="0">
  <testcase classname="test.Test_MisDocumentos" name="Script_1144" time="85.580"/>
</testsuite> <!-- test.Test_MisDocumentos -->
