<?xml version="1.0" encoding="UTF-8"?>
<!-- Generated by org.testng.reporters.JUnitReportReporter -->
<testsuite hostname="LauraAndrade" failures="0" tests="1" name="test.Test_CrearDocumento" time="76.818" errors="0" timestamp="01 oct. 2021 12:16:34 GMT" skipped="0">
  <testcase classname="test.Test_CrearDocumento" name="Script_1176" time="76.818"/>
</testsuite> <!-- test.Test_CrearDocumento -->
