<?xml version="1.0" encoding="UTF-8"?>
<!-- Generated by org.testng.reporters.JUnitReportReporter -->
<testsuite hostname="LauraAndrade" failures="0" tests="1" name="test.Test_TiposDocumentos" time="71.849" errors="0" timestamp="25 ago. 2021 13:42:51 GMT" skipped="0">
  <testcase classname="test.Test_TiposDocumentos" name="Script_0320" time="71.849"/>
</testsuite> <!-- test.Test_TiposDocumentos -->
