<?xml version="1.0" encoding="UTF-8"?>
<!-- Generated by org.testng.reporters.JUnitReportReporter -->
<testsuite hostname="LauraAndrade" failures="0" tests="1" name="test.Test_DescargaPlantilla" time="60.924" errors="0" timestamp="28 sept. 2021 21:17:25 GMT" skipped="0">
  <testcase classname="test.Test_DescargaPlantilla" name="Script_1195" time="60.924"/>
</testsuite> <!-- test.Test_DescargaPlantilla -->
