<?xml version="1.0" encoding="UTF-8"?>
<!-- Generated by org.testng.reporters.JUnitReportReporter -->
<testsuite hostname="LauraAndrade" failures="0" tests="12" name="test.Tests_EditarCuenta" time="496.784" errors="0" timestamp="01 sep. 2021 14:52:55 GMT" skipped="0">
  <testcase classname="test.Tests_EditarCuenta" name="Script_0065" time="39.076"/>
  <testcase classname="test.Tests_EditarCuenta" name="Script_0071" time="47.165"/>
  <testcase classname="test.Tests_EditarCuenta" name="Script_0068" time="35.724"/>
  <testcase classname="test.Tests_EditarCuenta" name="Script_0073" time="47.538"/>
  <testcase classname="test.Tests_EditarCuenta" name="Script_0075" time="48.844"/>
  <testcase classname="test.Tests_EditarCuenta" name="Script_0069" time="34.265"/>
  <testcase classname="test.Tests_EditarCuenta" name="Script_0081" time="37.075"/>
  <testcase classname="test.Tests_EditarCuenta" name="Script_0076" time="51.484"/>
  <testcase classname="test.Tests_EditarCuenta" name="Script_0067" time="35.014"/>
  <testcase classname="test.Tests_EditarCuenta" name="Script_0078" time="39.924"/>
  <testcase classname="test.Tests_EditarCuenta" name="Script_0080" time="44.123"/>
  <testcase classname="test.Tests_EditarCuenta" name="Script_0066" time="36.552"/>
</testsuite> <!-- test.Tests_EditarCuenta -->
