<?xml version="1.0" encoding="UTF-8"?>
<!-- Generated by org.testng.reporters.JUnitReportReporter -->
<testsuite skipped="0" hostname="DESKTOP-LI3EA6Q" name="test.Test_TiposDocumentos2" tests="1" failures="0" timestamp="23 ago 2021 19:40:22 GMT" time="122.033" errors="0">
  <testcase name="Script_0516" time="122.033" classname="test.Test_TiposDocumentos2"/>
</testsuite> <!-- test.Test_TiposDocumentos2 -->
